<?xml version="1.0" encoding="UTF-8"?>
<testsuite xmlns:xsi="http://www.w3.org/2001/XMLSchema-instance" xsi:noNamespaceSchemaLocation="https://maven.apache.org/surefire/maven-surefire-plugin/xsd/surefire-test-report.xsd" name="ues.occ.edu.sv.ingenieria.prn335.control.Menu_ConsumibleTest" time="2.762" tests="3" errors="0" skipped="0" failures="0">
  <properties>
[...]
</properties>
  <testcase name="consumibleFormatoTest" classname="ues.occ.edu.sv.ingenieria.prn335.control.Menu_ConsumibleTest" time="1.623"/>
  <testcase name="crearTest" classname="ues.occ.edu.sv.ingenieria.prn335.control.Menu_ConsumibleTest" time="1.114"/>
  <testcase name="eliminarTest" classname="ues.occ.edu.sv.ingenieria.prn335.control.Menu_ConsumibleTest" time="0.006"/>
</testsuite>